# JRE version: OpenJDK Runtime Environment (17.0.6) (build 17.0.6+0-b2043.56-10027231)
# Java VM: OpenJDK 64-Bit Server VM (17.0.6+0-b2043.56-10027231, mixed mode, tiered, compressed oops, compressed class ptrs, g1 gc, windows-amd64)
GC Precious Log:
 CPUs: 4 total, 4 available
 Memory: 8067M
 Large Page Support: Disabled
 NUMA Support: Disabled
 Compressed Oops: Enabled (32-bit)
 Heap Region Size: 1M
 Heap Min Capacity: 8M
 Heap Initial Capacity: 128M
 Heap Max Capacity: 2G
 Pre-touch: Disabled
 Parallel Workers: 4
 Concurrent Workers: 1
 Concurrent Refinement Workers: 4
 Periodic GC: Disabled
Heap:
 garbage-first heap   total 406528K, used 235627K [0x0000000080000000, 0x0000000100000000)
  region size 1024K, 3 young (3072K), 3 survivors (3072K)
 Metaspace       used 183211K, committed 185088K, reserved 1212416K
  class space    used 23725K, committed 24640K, reserved 1048576K
GC Heap History (20 events):
Event: 12905.102 GC heap after
{Heap after GC invocations=95 (full 1):
 garbage-first heap   total 406528K, used 263052K [0x0000000080000000, 0x0000000100000000)
  region size 1024K, 6 young (6144K), 6 survivors (6144K)
 Metaspace       used 166093K, committed 167872K, reserved 1196032K
  class space    used 21818K, committed 22656K, reserved 1048576K
}
Event: 12909.718 GC heap before
{Heap before GC invocations=95 (full 1):
 garbage-first heap   total 406528K, used 345996K [0x0000000080000000, 0x0000000100000000)
  region size 1024K, 67 young (68608K), 6 survivors (6144K)
 Metaspace       used 170173K, committed 171968K, reserved 1204224K
  class space    used 22275K, committed 23104K, reserved 1048576K
}
Event: 12909.740 GC heap after
{Heap after GC invocations=96 (full 1):
 garbage-first heap   total 406528K, used 273694K [0x0000000080000000, 0x0000000100000000)
  region size 1024K, 6 young (6144K), 6 survivors (6144K)
 Metaspace       used 170173K, committed 171968K, reserved 1204224K
  class space    used 22275K, committed 23104K, reserved 1048576K
}
Event: 12920.601 GC heap before
{Heap before GC invocations=96 (full 1):
 garbage-first heap   total 406528K, used 331038K [0x0000000080000000, 0x0000000100000000)
  region size 1024K, 63 young (64512K), 6 survivors (6144K)
 Metaspace       used 171749K, committed 173568K, reserved 1204224K
  class space    used 22443K, committed 23296K, reserved 1048576K
}
Event: 12920.623 GC heap after
{Heap after GC invocations=97 (full 1):
 garbage-first heap   total 406528K, used 281476K [0x0000000080000000, 0x0000000100000000)
  region size 1024K, 8 young (8192K), 8 survivors (8192K)
 Metaspace       used 171749K, committed 173568K, reserved 1204224K
  class space    used 22443K, committed 23296K, reserved 1048576K
}
Event: 12921.740 GC heap before
{Heap before GC invocations=97 (full 1):
 garbage-first heap   total 406528K, used 333700K [0x0000000080000000, 0x0000000100000000)
  region size 1024K, 60 young (61440K), 8 survivors (8192K)
 Metaspace       used 172786K, committed 174592K, reserved 1204224K
  class space    used 22540K, committed 23360K, reserved 1048576K
}
Event: 12921.758 GC heap after
{Heap after GC invocations=98 (full 1):
 garbage-first heap   total 406528K, used 279979K [0x0000000080000000, 0x0000000100000000)
  region size 1024K, 2 young (2048K), 2 survivors (2048K)
 Metaspace       used 172786K, committed 174592K, reserved 1204224K
  class space    used 22540K, committed 23360K, reserved 1048576K
}
Event: 12922.157 GC heap before
{Heap before GC invocations=98 (full 1):
 garbage-first heap   total 406528K, used 337323K [0x0000000080000000, 0x0000000100000000)
  region size 1024K, 59 young (60416K), 2 survivors (2048K)
 Metaspace       used 172909K, committed 174720K, reserved 1204224K
  class space    used 22541K, committed 23360K, reserved 1048576K
}
Event: 12922.167 GC heap after
{Heap after GC invocations=99 (full 1):
 garbage-first heap   total 406528K, used 281035K [0x0000000080000000, 0x0000000100000000)
  region size 1024K, 3 young (3072K), 3 survivors (3072K)
 Metaspace       used 172909K, committed 174720K, reserved 1204224K
  class space    used 22541K, committed 23360K, reserved 1048576K
}
Event: 12927.276 GC heap before
{Heap before GC invocations=99 (full 1):
 garbage-first heap   total 406528K, used 332235K [0x0000000080000000, 0x0000000100000000)
  region size 1024K, 55 young (56320K), 3 survivors (3072K)
 Metaspace       used 173042K, committed 174912K, reserved 1204224K
  class space    used 22559K, committed 23424K, reserved 1048576K
}
Event: 12929.581 GC heap after
{Heap after GC invocations=100 (full 2):
 garbage-first heap   total 406528K, used 210304K [0x0000000080000000, 0x0000000100000000)
  region size 1024K, 0 young (0K), 0 survivors (0K)
 Metaspace       used 172742K, committed 174912K, reserved 1204224K
  class space    used 22503K, committed 23424K, reserved 1048576K
}
Event: 12982.268 GC heap before
{Heap before GC invocations=100 (full 2):
 garbage-first heap   total 406528K, used 332160K [0x0000000080000000, 0x0000000100000000)
  region size 1024K, 117 young (119808K), 0 survivors (0K)
 Metaspace       used 179937K, committed 181760K, reserved 1212416K
  class space    used 23403K, committed 24256K, reserved 1048576K
}
Event: 12982.346 GC heap after
{Heap after GC invocations=101 (full 2):
 garbage-first heap   total 406528K, used 226827K [0x0000000080000000, 0x0000000100000000)
  region size 1024K, 15 young (15360K), 15 survivors (15360K)
 Metaspace       used 179937K, committed 181760K, reserved 1212416K
  class space    used 23403K, committed 24256K, reserved 1048576K
}
Event: 12984.494 GC heap before
{Heap before GC invocations=101 (full 2):
 garbage-first heap   total 406528K, used 331275K [0x0000000080000000, 0x0000000100000000)
  region size 1024K, 114 young (116736K), 15 survivors (15360K)
 Metaspace       used 182784K, committed 184576K, reserved 1212416K
  class space    used 23697K, committed 24576K, reserved 1048576K
}
Event: 12984.536 GC heap after
{Heap after GC invocations=102 (full 2):
 garbage-first heap   total 406528K, used 228196K [0x0000000080000000, 0x0000000100000000)
  region size 1024K, 11 young (11264K), 11 survivors (11264K)
 Metaspace       used 182784K, committed 184576K, reserved 1212416K
  class space    used 23697K, committed 24576K, reserved 1048576K
}
Event: 12985.422 GC heap before
{Heap before GC invocations=102 (full 2):
 garbage-first heap   total 406528K, used 328548K [0x0000000080000000, 0x0000000100000000)
  region size 1024K, 110 young (112640K), 11 survivors (11264K)
 Metaspace       used 182888K, committed 184768K, reserved 1212416K
  class space    used 23700K, committed 24576K, reserved 1048576K
}
Event: 12985.452 GC heap after
{Heap after GC invocations=103 (full 2):
 garbage-first heap   total 406528K, used 233892K [0x0000000080000000, 0x0000000100000000)
  region size 1024K, 9 young (9216K), 9 survivors (9216K)
 Metaspace       used 182888K, committed 184768K, reserved 1212416K
  class space    used 23700K, committed 24576K, reserved 1048576K
}
Event: 12986.113 GC heap before
{Heap before GC invocations=103 (full 2):
 garbage-first heap   total 406528K, used 331172K [0x0000000080000000, 0x0000000100000000)
  region size 1024K, 104 young (106496K), 9 survivors (9216K)
 Metaspace       used 182949K, committed 184832K, reserved 1212416K
  class space    used 23703K, committed 24576K, reserved 1048576K
}
Event: 12986.153 GC heap after
{Heap after GC invocations=104 (full 2):
 garbage-first heap   total 406528K, used 236513K [0x0000000080000000, 0x0000000100000000)
  region size 1024K, 4 young (4096K), 4 survivors (4096K)
 Metaspace       used 182949K, committed 184832K, reserved 1212416K
  class space    used 23703K, committed 24576K, reserved 1048576K
}
Event: 12987.505 GC heap before
{Heap before GC invocations=104 (full 2):
 garbage-first heap   total 406528K, used 344033K [0x0000000080000000, 0x0000000100000000)
  region size 1024K, 101 young (103424K), 4 survivors (4096K)
 Metaspace       used 183211K, committed 185088K, reserved 1212416K
  class space    used 23725K, committed 24640K, reserved 1048576K
}

